{"/Users/aline.vianna/Desktop/repos/coding-dojo/src/index.js": {"path":"/Users/aline.vianna/Desktop/repos/coding-dojo/src/index.js","all":false,"statementMap":{"0":{"start":{"line":1,"column":0},"end":{"line":1,"column":32}},"1":{"start":{"line":2,"column":0},"end":{"line":2,"column":18}},"2":{"start":{"line":3,"column":0},"end":{"line":3,"column":0}},"3":{"start":{"line":4,"column":0},"end":{"line":4,"column":29}},"4":{"start":{"line":5,"column":0},"end":{"line":5,"column":27}},"5":{"start":{"line":6,"column":0},"end":{"line":6,"column":17}},"6":{"start":{"line":7,"column":0},"end":{"line":7,"column":3}},"7":{"start":{"line":8,"column":0},"end":{"line":8,"column":15}},"8":{"start":{"line":9,"column":0},"end":{"line":9,"column":1}},"9":{"start":{"line":10,"column":0},"end":{"line":10,"column":0}},"10":{"start":{"line":11,"column":0},"end":{"line":11,"column":28}},"11":{"start":{"line":12,"column":0},"end":{"line":12,"column":20}},"12":{"start":{"line":13,"column":0},"end":{"line":13,"column":27}},"13":{"start":{"line":14,"column":0},"end":{"line":14,"column":24}},"14":{"start":{"line":15,"column":0},"end":{"line":15,"column":19}},"15":{"start":{"line":16,"column":0},"end":{"line":16,"column":5}},"16":{"start":{"line":17,"column":0},"end":{"line":17,"column":3}},"17":{"start":{"line":18,"column":0},"end":{"line":18,"column":15}},"18":{"start":{"line":19,"column":0},"end":{"line":19,"column":1}},"19":{"start":{"line":20,"column":0},"end":{"line":20,"column":0}},"20":{"start":{"line":21,"column":0},"end":{"line":21,"column":27}},"21":{"start":{"line":22,"column":0},"end":{"line":22,"column":33}},"22":{"start":{"line":23,"column":0},"end":{"line":23,"column":14}},"23":{"start":{"line":24,"column":0},"end":{"line":24,"column":1}},"24":{"start":{"line":25,"column":0},"end":{"line":25,"column":0}},"25":{"start":{"line":26,"column":0},"end":{"line":26,"column":18}},"26":{"start":{"line":27,"column":0},"end":{"line":27,"column":14}},"27":{"start":{"line":28,"column":0},"end":{"line":28,"column":13}},"28":{"start":{"line":29,"column":0},"end":{"line":29,"column":11}},"29":{"start":{"line":30,"column":0},"end":{"line":30,"column":2}}},"s":{"0":1,"1":1,"2":1,"3":1,"4":1,"5":0,"6":0,"7":1,"8":1,"9":1,"10":3,"11":3,"12":3,"13":12,"14":2,"15":2,"16":12,"17":3,"18":3,"19":1,"20":2,"21":2,"22":2,"23":2,"24":1,"25":1,"26":1,"27":1,"28":1,"29":1},"branchMap":{"0":{"type":"branch","line":4,"loc":{"start":{"line":4,"column":0},"end":{"line":9,"column":1}},"locations":[{"start":{"line":4,"column":0},"end":{"line":9,"column":1}}]},"1":{"type":"branch","line":5,"loc":{"start":{"line":5,"column":26},"end":{"line":7,"column":3}},"locations":[{"start":{"line":5,"column":26},"end":{"line":7,"column":3}}]},"2":{"type":"branch","line":11,"loc":{"start":{"line":11,"column":0},"end":{"line":19,"column":1}},"locations":[{"start":{"line":11,"column":0},"end":{"line":19,"column":1}}]},"3":{"type":"branch","line":13,"loc":{"start":{"line":13,"column":26},"end":{"line":17,"column":3}},"locations":[{"start":{"line":13,"column":26},"end":{"line":17,"column":3}}]},"4":{"type":"branch","line":14,"loc":{"start":{"line":14,"column":23},"end":{"line":16,"column":5}},"locations":[{"start":{"line":14,"column":23},"end":{"line":16,"column":5}}]},"5":{"type":"branch","line":21,"loc":{"start":{"line":21,"column":0},"end":{"line":24,"column":1}},"locations":[{"start":{"line":21,"column":0},"end":{"line":24,"column":1}}]},"6":{"type":"branch","line":22,"loc":{"start":{"line":22,"column":22},"end":{"line":22,"column":33}},"locations":[{"start":{"line":22,"column":22},"end":{"line":22,"column":33}}]}},"b":{"0":[1],"1":[0],"2":[3],"3":[12],"4":[2],"5":[2],"6":[0]},"fnMap":{"0":{"name":"insertValue","decl":{"start":{"line":4,"column":0},"end":{"line":9,"column":1}},"loc":{"start":{"line":4,"column":0},"end":{"line":9,"column":1}},"line":4},"1":{"name":"checkValue","decl":{"start":{"line":11,"column":0},"end":{"line":19,"column":1}},"loc":{"start":{"line":11,"column":0},"end":{"line":19,"column":1}},"line":11},"2":{"name":"modValue","decl":{"start":{"line":21,"column":0},"end":{"line":24,"column":1}},"loc":{"start":{"line":21,"column":0},"end":{"line":24,"column":1}},"line":21}},"f":{"0":1,"1":3,"2":2}}
}
