TN:
SF:src/index.js
FN:4,insertValue
FN:11,checkValue
FN:21,modValue
FNF:3
FNH:3
FNDA:1,insertValue
FNDA:3,checkValue
FNDA:2,modValue
DA:1,1
DA:2,1
DA:3,1
DA:4,1
DA:5,1
DA:6,0
DA:7,0
DA:8,1
DA:9,1
DA:10,1
DA:11,3
DA:12,3
DA:13,3
DA:14,12
DA:15,2
DA:16,2
DA:17,12
DA:18,3
DA:19,3
DA:20,1
DA:21,2
DA:22,2
DA:23,2
DA:24,2
DA:25,1
DA:26,1
DA:27,1
DA:28,1
DA:29,1
DA:30,1
LF:30
LH:28
BRDA:4,0,0,1
BRDA:5,1,0,0
BRDA:11,2,0,3
BRDA:13,3,0,12
BRDA:14,4,0,2
BRDA:21,5,0,2
BRDA:22,6,0,0
BRF:7
BRH:5
end_of_record
